Case #1: our language is impossible to understand
Case #2: there are twenty six factorial possibilities
Case #3: so it is okay if you want to just give up
Case #4: xoggk d yl wxo vkkvgo ekso uyl wonw sywy
Case #5: xkf yto akj
Case #6: yabba dabba yabba dabba yabba dabba yabba dabba yabba dabba yabba dabba yabba dabba yabba dooooooooo
Case #7: a b c d e f g h i j k l m n o p q r s t u v y w x y z now i know my abcs
Case #8: next time wont you sing with me
Case #9: you pissed off the chicken lady
Case #10: you better cut the pizza in four pieces because im not hungry enough to eat six
Case #11: whoooooooooooooooooooaaaaaaaaa i know c plus plus
Case #12: my name is dug i have just met you and i looove you
Case #13: oh hai im in ur computer eating your cheezburgers and googleresing your textz
Case #14: right i forgot here in the states you call it a sausage in the mouth
Case #15: f of two equals f of one equals one
Case #16: for i between three and n f of i equals f of i minus one plus f of i minus two
Case #17: why do programmers always mix up halloween and christmas
Case #18: greetings cheese popsicle the number you have dialed is currently out of porkchops
Case #19: i have bested fruit spike and moon now i shall best you the guy
Case #20: im commander shepard and this is my favorite problem on the google code jam
Case #21: our code jam is like the pythagorean theorem
Case #22: there is no answer
Case #23: swift as the wind quiet as the forest steady as the mountain
Case #24: each of us has his own special gift and you know this was meant to be true
Case #25: and if you dont underestimate me i wont underestimate you
Case #26: oh nooooo goggalor is headed for the orphanage
Case #27: oh my god lets make out
Case #28: thank you but the real googlerese is in another castle
Case #29: you want sell things at me boing zooom
Case #30: all your base are belong to error the spoony bard
